<?xml version="1.0" encoding="UTF-8"?>
<testsuite name="CDPlayerTest" tests="1" skipped="0" failures="0" errors="0" timestamp="2019-04-02T13:45:29" hostname="Pixie.local" time="0.0">
  <properties/>
  <testcase name="canRemoveCd" classname="CDPlayerTest" time="0.0"/>
  <system-out><![CDATA[]]></system-out>
  <system-err><![CDATA[]]></system-err>
</testsuite>
